Build started 1/30/2015 10:45:01 AM.
     1>Project "C:\Users\Administrator\Desktop\cplus\Test\Test\Test.vcxproj" on node 2 (build target(s)).
     1>InitializeBuildStatus:
         Touching "Debug\Test.unsuccessfulbuild".
       ClCompile:
         All outputs are up-to-date.
         C:\Program Files (x86)\Microsoft Visual Studio 10.0\VC\bin\CL.exe /c /ZI /nologo /W3 /WX- /Od /Oy- /D WIN32 /D _DEBUG /D _CONSOLE /D _UNICODE /D UNICODE /Gm /EHsc /RTC1 /MDd /GS /fp:precise /Zc:wchar_t /Zc:forScope /Yu"StdAfx.h" /Fp"Debug\Test.pch" /Fo"Debug\\" /Fd"Debug\vc100.pdb" /Gd /TP /analyze- /errorReport:prompt LinkedList.cpp
         LinkedList.cpp
     1>c:\users\administrator\desktop\cplus\test\test\linkedlist.cpp(89): error C2065: 'T' : undeclared identifier
     1>c:\users\administrator\desktop\cplus\test\test\linkedlist.cpp(89): error C2955: 'LinkedList' : use of class template requires template argument list
                 c:\users\administrator\desktop\cplus\test\test\linkedlist.h(8) : see declaration of 'LinkedList'
     1>c:\users\administrator\desktop\cplus\test\test\linkedlist.cpp(90): error C2509: 'sort' : member function not declared in 'LinkedList'
                 c:\users\administrator\desktop\cplus\test\test\linkedlist.h(8) : see declaration of 'LinkedList'
     1>Done Building Project "C:\Users\Administrator\Desktop\cplus\Test\Test\Test.vcxproj" (build target(s)) -- FAILED.

Build FAILED.

Time Elapsed 00:00:00.91
